<!DOCTYPE html PUBLIC "-//W3C//DTD XHTML 1.1//EN" "http://www.w3.org/TR/xhtml11/DTD/xhtml11.dtd">
<html xmlns="http://www.w3.org/1999/xhtml"><head><title>TestNG Report</title><style type="text/css">table {margin-bottom:10px;border-collapse:collapse;empty-cells:show}th,td {border:1px solid #009;padding:.25em .5em}th {vertical-align:bottom}td {vertical-align:top}table a {font-weight:bold}.stripe td {background-color: #E6EBF9}.num {text-align:right}.passedodd td {background-color: #3F3}.passedeven td {background-color: #0A0}.skippedodd td {background-color: #DDD}.skippedeven td {background-color: #CCC}.failedodd td,.attn {background-color: #F33}.failedeven td,.stripe .attn {background-color: #D00}.stacktrace {white-space:pre;font-family:monospace}.totop {font-size:85%;text-align:center;border-bottom:2px solid #000}</style></head><body><table><tr><th>Test</th><th># Passed</th><th># Skipped</th><th># Failed</th><th>Time (ms)</th><th>Included Groups</th><th>Excluded Groups</th></tr><tr><th colspan="7">My Sample Suite</th></tr><tr><td><a href="#t0">Login Test</a></td><td class="num">1</td><td class="num attn">2</td><td class="num">0</td><td class="num">35,990</td><td></td><td></td></tr><tr class="stripe"><td><a href="#t1">Create Portfolio Test</a></td><td class="num">1</td><td class="num">0</td><td class="num">0</td><td class="num">50,478</td><td></td><td></td></tr><tr><td><a href="#t2">Delete Portfolio Test</a></td><td class="num">0</td><td class="num">0</td><td class="num attn">1</td><td class="num">59,467</td><td></td><td></td></tr><tr><th>Total</th><th class="num">2</th><th class="num attn">2</th><th class="num attn">1</th><th class="num">145,935</th><th colspan="2"></th></tr></table><table><thead><tr><th>Class</th><th>Method</th><th>Start</th><th>Time (ms)</th></tr></thead><tbody><tr><th colspan="4">My Sample Suite</th></tr></tbody><tbody id="t0"><tr><th colspan="4">Login Test &#8212; skipped</th></tr><tr class="skippedeven"><td rowspan="2">com.qtpselenium.rediff.testcases.LoginTest</td><td><a href="#m0">doLogin</a></td><td rowspan="2">1575341867089</td><td rowspan="2">3</td></tr><tr class="skippedeven"><td><a href="#m1">doLogin</a></td></tr><tr><th colspan="4">Login Test &#8212; passed</th></tr><tr class="passedeven"><td rowspan="1">com.qtpselenium.rediff.testcases.LoginTest</td><td><a href="#m2">doLogin</a></td><td rowspan="1">1575341834097</td><td rowspan="1">29302</td></tr></tbody><tbody id="t1"><tr><th colspan="4">Create Portfolio Test &#8212; passed</th></tr><tr class="passedeven"><td rowspan="1">com.qtpselenium.rediff.testcases.CreatePortfolioTest</td><td><a href="#m3">doLogin</a></td><td rowspan="1">1575341832676</td><td rowspan="1">47714</td></tr></tbody><tbody id="t2"><tr><th colspan="4">Delete Portfolio Test &#8212; failed</th></tr><tr class="failedeven"><td rowspan="1">com.qtpselenium.rediff.testcases.DeletePortfolioTest</td><td><a href="#m4">deletePortFolio</a></td><td rowspan="1">1575341832673</td><td rowspan="1">57809</td></tr></tbody></table><h2>Login Test</h2><h3 id="m0">com.qtpselenium.rediff.testcases.LoginTest#doLogin</h3><table class="result"><tr class="param"><th>Parameter #1</th></tr><tr class="param stripe"><td>{Username=U2, ExpectedResult=Success, Password=P2, Runmode=N, Browser=Edge}</td></tr><tr><th>Exception</th></tr><tr><td><div class="stacktrace">org.testng.SkipException: Skipping the test as Runmode is N
	at com.qtpselenium.rediff.testcases.LoginTest.doLogin(LoginTest.java:37)
	at java.base/java.util.concurrent.FutureTask.run(FutureTask.java:264)
	at java.base/java.util.concurrent.ThreadPoolExecutor.runWorker(ThreadPoolExecutor.java:1128)
	at java.base/java.util.concurrent.ThreadPoolExecutor$Worker.run(ThreadPoolExecutor.java:628)
	at java.base/java.lang.Thread.run(Thread.java:834)
... Removed 16 stack frames</div></td></tr></table><p class="totop"><a href="#summary">back to summary</a></p><h3 id="m1">com.qtpselenium.rediff.testcases.LoginTest#doLogin</h3><table class="result"><tr class="param"><th>Parameter #1</th></tr><tr class="param stripe"><td>{Username=U1, ExpectedResult=Success, Password=P1, Runmode=N, Browser=Mozilla}</td></tr><tr><th>Exception</th></tr><tr><td><div class="stacktrace">org.testng.SkipException: Skipping the test as Runmode is N
	at com.qtpselenium.rediff.testcases.LoginTest.doLogin(LoginTest.java:37)
	at java.base/java.util.concurrent.FutureTask.run(FutureTask.java:264)
	at java.base/java.util.concurrent.ThreadPoolExecutor.runWorker(ThreadPoolExecutor.java:1128)
	at java.base/java.util.concurrent.ThreadPoolExecutor$Worker.run(ThreadPoolExecutor.java:628)
	at java.base/java.lang.Thread.run(Thread.java:834)
... Removed 16 stack frames</div></td></tr></table><p class="totop"><a href="#summary">back to summary</a></p><h3 id="m2">com.qtpselenium.rediff.testcases.LoginTest#doLogin</h3><table class="result"><tr class="param"><th>Parameter #1</th></tr><tr class="param stripe"><td>{Username=ashishthakur1983, ExpectedResult=Success, Password=pass@1234, Runmode=Y, Browser=Chrome}</td></tr></table><p class="totop"><a href="#summary">back to summary</a></p><h2>Create Portfolio Test</h2><h3 id="m3">com.qtpselenium.rediff.testcases.CreatePortfolioTest#doLogin</h3><table class="result"><tr class="param"><th>Parameter #1</th></tr><tr class="param stripe"><td>{PortFolioName=Z100, Runmode=Y, Browser=Chrome}</td></tr></table><p class="totop"><a href="#summary">back to summary</a></p><h2>Delete Portfolio Test</h2><h3 id="m4">com.qtpselenium.rediff.testcases.DeletePortfolioTest#deletePortFolio</h3><table class="result"><tr class="param"><th>Parameter #1</th></tr><tr class="param stripe"><td>{PortFolioName=Z100, Runmode=Y, Browser=Chrome}</td></tr><tr><th>Exception</th></tr><tr><td><div class="stacktrace">org.openqa.selenium.NoSuchElementException: Cannot locate element with text: Z100
For documentation on this error, please visit: https://www.seleniumhq.org/exceptions/no_such_element.html
Build info: version: &apos;3.141.59&apos;, revision: &apos;e82be7d358&apos;, time: &apos;2018-11-14T08:17:03&apos;
System info: host: &apos;DESKTOP-RTOOT5Q&apos;, ip: &apos;192.168.43.11&apos;, os.name: &apos;Windows 10&apos;, os.arch: &apos;amd64&apos;, os.version: &apos;10.0&apos;, java.version: &apos;11.0.5&apos;
Driver info: driver.version: unknown
	at org.openqa.selenium.support.ui.Select.selectByVisibleText(Select.java:147)
	at com.qtpselenium.rediff.keywords.AppKeywords.deletePortFolio(AppKeywords.java:50)
	at com.qtpselenium.rediff.driver.DriverScript.executeTest(DriverScript.java:56)
	at com.qtpselenium.rediff.testcases.DeletePortfolioTest.deletePortFolio(DeletePortfolioTest.java:35)
	at java.base/java.util.concurrent.FutureTask.run(FutureTask.java:264)
	at java.base/java.util.concurrent.ThreadPoolExecutor.runWorker(ThreadPoolExecutor.java:1128)
	at java.base/java.util.concurrent.ThreadPoolExecutor$Worker.run(ThreadPoolExecutor.java:628)
	at java.base/java.lang.Thread.run(Thread.java:834)
... Removed 16 stack frames</div></td></tr></table><p class="totop"><a href="#summary">back to summary</a></p></body></html>