<?xml version="1.0" encoding="UTF-8"?>
<testng-results ignored="0" total="5" passed="2" failed="1" skipped="2">
  <reporter-output>
  </reporter-output>
  <suite started-at="2019-12-03T02:57:11Z" name="My Sample Suite" finished-at="2019-12-03T02:58:11Z" duration-ms="59468">
    <groups>
    </groups>
    <test started-at="2019-12-03T02:57:11Z" name="Login Test" finished-at="2019-12-03T02:57:47Z" duration-ms="35990">
      <class name="com.qtpselenium.rediff.testcases.LoginTest">
        <test-method is-config="true" signature="init()[pri:0, instance:com.qtpselenium.rediff.testcases.LoginTest@609db546]" started-at="2019-12-03T08:27:12Z" name="init" finished-at="2019-12-03T08:27:12Z" duration-ms="600" status="PASS">
          <reporter-output>
          </reporter-output>
        </test-method> <!-- init -->
        <test-method signature="doLogin(java.util.Hashtable)[pri:0, instance:com.qtpselenium.rediff.testcases.LoginTest@609db546]" started-at="2019-12-03T08:27:12Z" name="doLogin" data-provider="getData" finished-at="2019-12-03T08:27:12Z" duration-ms="56" status="SKIP">
          <params>
            <param index="0">
              <value>
                <![CDATA[{Username=U1, ExpectedResult=Success, Password=P1, Runmode=N, Browser=Mozilla}]]>
              </value>
            </param>
          </params>
          <exception class="org.testng.SkipException">
            <message>
              <![CDATA[Skipping the test as Runmode is N]]>
            </message>
            <full-stacktrace>
              <![CDATA[org.testng.SkipException: Skipping the test as Runmode is N
	at com.qtpselenium.rediff.testcases.LoginTest.doLogin(LoginTest.java:37)
	at java.base/jdk.internal.reflect.NativeMethodAccessorImpl.invoke0(Native Method)
	at java.base/jdk.internal.reflect.NativeMethodAccessorImpl.invoke(NativeMethodAccessorImpl.java:62)
	at java.base/jdk.internal.reflect.DelegatingMethodAccessorImpl.invoke(DelegatingMethodAccessorImpl.java:43)
	at java.base/java.lang.reflect.Method.invoke(Method.java:566)
	at org.testng.internal.MethodInvocationHelper.invokeMethod(MethodInvocationHelper.java:104)
	at org.testng.internal.Invoker.invokeMethod(Invoker.java:645)
	at org.testng.internal.Invoker.invokeTestMethod(Invoker.java:851)
	at org.testng.internal.Invoker.invokeTestMethods(Invoker.java:1177)
	at org.testng.internal.TestMethodWorker.invokeTestMethods(TestMethodWorker.java:129)
	at org.testng.internal.TestMethodWorker.run(TestMethodWorker.java:112)
	at org.testng.TestRunner.privateRun(TestRunner.java:756)
	at org.testng.TestRunner.run(TestRunner.java:610)
	at org.testng.SuiteRunner.runTest(SuiteRunner.java:387)
	at org.testng.SuiteRunner.access$000(SuiteRunner.java:39)
	at org.testng.SuiteRunner$SuiteWorker.run(SuiteRunner.java:421)
	at org.testng.internal.thread.ThreadUtil$2.call(ThreadUtil.java:64)
	at java.base/java.util.concurrent.FutureTask.run(FutureTask.java:264)
	at java.base/java.util.concurrent.ThreadPoolExecutor.runWorker(ThreadPoolExecutor.java:1128)
	at java.base/java.util.concurrent.ThreadPoolExecutor$Worker.run(ThreadPoolExecutor.java:628)
	at java.base/java.lang.Thread.run(Thread.java:834)
]]>
            </full-stacktrace>
          </exception> <!-- org.testng.SkipException -->
          <reporter-output>
          </reporter-output>
        </test-method> <!-- doLogin -->
        <test-method is-config="true" signature="quit()[pri:0, instance:com.qtpselenium.rediff.testcases.LoginTest@609db546]" started-at="2019-12-03T08:27:12Z" name="quit" finished-at="2019-12-03T08:27:14Z" duration-ms="1405" status="PASS">
          <reporter-output>
          </reporter-output>
        </test-method> <!-- quit -->
        <test-method is-config="true" signature="init()[pri:0, instance:com.qtpselenium.rediff.testcases.LoginTest@609db546]" started-at="2019-12-03T08:27:14Z" name="init" finished-at="2019-12-03T08:27:14Z" duration-ms="0" status="PASS">
          <reporter-output>
          </reporter-output>
        </test-method> <!-- init -->
        <test-method signature="doLogin(java.util.Hashtable)[pri:0, instance:com.qtpselenium.rediff.testcases.LoginTest@609db546]" started-at="2019-12-03T08:27:14Z" name="doLogin" data-provider="getData" finished-at="2019-12-03T08:27:43Z" duration-ms="29302" status="PASS">
          <params>
            <param index="0">
              <value>
                <![CDATA[{Username=ashishthakur1983, ExpectedResult=Success, Password=pass@1234, Runmode=Y, Browser=Chrome}]]>
              </value>
            </param>
          </params>
          <reporter-output>
          </reporter-output>
        </test-method> <!-- doLogin -->
        <test-method is-config="true" signature="quit()[pri:0, instance:com.qtpselenium.rediff.testcases.LoginTest@609db546]" started-at="2019-12-03T08:27:43Z" name="quit" finished-at="2019-12-03T08:27:47Z" duration-ms="3689" status="PASS">
          <reporter-output>
          </reporter-output>
        </test-method> <!-- quit -->
        <test-method is-config="true" signature="init()[pri:0, instance:com.qtpselenium.rediff.testcases.LoginTest@609db546]" started-at="2019-12-03T08:27:47Z" name="init" finished-at="2019-12-03T08:27:47Z" duration-ms="1" status="PASS">
          <reporter-output>
          </reporter-output>
        </test-method> <!-- init -->
        <test-method signature="doLogin(java.util.Hashtable)[pri:0, instance:com.qtpselenium.rediff.testcases.LoginTest@609db546]" started-at="2019-12-03T08:27:47Z" name="doLogin" data-provider="getData" finished-at="2019-12-03T08:27:47Z" duration-ms="3" status="SKIP">
          <params>
            <param index="0">
              <value>
                <![CDATA[{Username=U2, ExpectedResult=Success, Password=P2, Runmode=N, Browser=Edge}]]>
              </value>
            </param>
          </params>
          <exception class="org.testng.SkipException">
            <message>
              <![CDATA[Skipping the test as Runmode is N]]>
            </message>
            <full-stacktrace>
              <![CDATA[org.testng.SkipException: Skipping the test as Runmode is N
	at com.qtpselenium.rediff.testcases.LoginTest.doLogin(LoginTest.java:37)
	at java.base/jdk.internal.reflect.NativeMethodAccessorImpl.invoke0(Native Method)
	at java.base/jdk.internal.reflect.NativeMethodAccessorImpl.invoke(NativeMethodAccessorImpl.java:62)
	at java.base/jdk.internal.reflect.DelegatingMethodAccessorImpl.invoke(DelegatingMethodAccessorImpl.java:43)
	at java.base/java.lang.reflect.Method.invoke(Method.java:566)
	at org.testng.internal.MethodInvocationHelper.invokeMethod(MethodInvocationHelper.java:104)
	at org.testng.internal.Invoker.invokeMethod(Invoker.java:645)
	at org.testng.internal.Invoker.invokeTestMethod(Invoker.java:851)
	at org.testng.internal.Invoker.invokeTestMethods(Invoker.java:1177)
	at org.testng.internal.TestMethodWorker.invokeTestMethods(TestMethodWorker.java:129)
	at org.testng.internal.TestMethodWorker.run(TestMethodWorker.java:112)
	at org.testng.TestRunner.privateRun(TestRunner.java:756)
	at org.testng.TestRunner.run(TestRunner.java:610)
	at org.testng.SuiteRunner.runTest(SuiteRunner.java:387)
	at org.testng.SuiteRunner.access$000(SuiteRunner.java:39)
	at org.testng.SuiteRunner$SuiteWorker.run(SuiteRunner.java:421)
	at org.testng.internal.thread.ThreadUtil$2.call(ThreadUtil.java:64)
	at java.base/java.util.concurrent.FutureTask.run(FutureTask.java:264)
	at java.base/java.util.concurrent.ThreadPoolExecutor.runWorker(ThreadPoolExecutor.java:1128)
	at java.base/java.util.concurrent.ThreadPoolExecutor$Worker.run(ThreadPoolExecutor.java:628)
	at java.base/java.lang.Thread.run(Thread.java:834)
]]>
            </full-stacktrace>
          </exception> <!-- org.testng.SkipException -->
          <reporter-output>
          </reporter-output>
        </test-method> <!-- doLogin -->
        <test-method is-config="true" signature="quit()[pri:0, instance:com.qtpselenium.rediff.testcases.LoginTest@609db546]" started-at="2019-12-03T08:27:47Z" name="quit" finished-at="2019-12-03T08:27:47Z" duration-ms="834" status="PASS">
          <reporter-output>
          </reporter-output>
        </test-method> <!-- quit -->
      </class> <!-- com.qtpselenium.rediff.testcases.LoginTest -->
    </test> <!-- Login Test -->
    <test started-at="2019-12-03T02:57:11Z" name="Create Portfolio Test" finished-at="2019-12-03T02:58:02Z" duration-ms="50478">
      <class name="com.qtpselenium.rediff.testcases.CreatePortfolioTest">
        <test-method is-config="true" signature="init()[pri:0, instance:com.qtpselenium.rediff.testcases.CreatePortfolioTest@16eccb2e]" started-at="2019-12-03T08:27:12Z" name="init" finished-at="2019-12-03T08:27:12Z" duration-ms="640" status="PASS">
          <reporter-output>
          </reporter-output>
        </test-method> <!-- init -->
        <test-method signature="doLogin(java.util.Hashtable)[pri:0, instance:com.qtpselenium.rediff.testcases.CreatePortfolioTest@16eccb2e]" started-at="2019-12-03T08:27:12Z" name="doLogin" data-provider="getData" finished-at="2019-12-03T08:28:00Z" duration-ms="47714" status="PASS">
          <params>
            <param index="0">
              <value>
                <![CDATA[{PortFolioName=Z100, Runmode=Y, Browser=Chrome}]]>
              </value>
            </param>
          </params>
          <reporter-output>
          </reporter-output>
        </test-method> <!-- doLogin -->
        <test-method is-config="true" signature="quit()[pri:0, instance:com.qtpselenium.rediff.testcases.CreatePortfolioTest@16eccb2e]" started-at="2019-12-03T08:28:00Z" name="quit" finished-at="2019-12-03T08:28:02Z" duration-ms="2028" status="PASS">
          <reporter-output>
          </reporter-output>
        </test-method> <!-- quit -->
      </class> <!-- com.qtpselenium.rediff.testcases.CreatePortfolioTest -->
    </test> <!-- Create Portfolio Test -->
    <test started-at="2019-12-03T02:57:11Z" name="Delete Portfolio Test" finished-at="2019-12-03T02:58:11Z" duration-ms="59467">
      <class name="com.qtpselenium.rediff.testcases.DeletePortfolioTest">
        <test-method is-config="true" signature="init()[pri:0, instance:com.qtpselenium.rediff.testcases.DeletePortfolioTest@172b013]" started-at="2019-12-03T08:27:12Z" name="init" finished-at="2019-12-03T08:27:12Z" duration-ms="601" status="PASS">
          <reporter-output>
          </reporter-output>
        </test-method> <!-- init -->
        <test-method signature="deletePortFolio(java.util.Hashtable)[pri:0, instance:com.qtpselenium.rediff.testcases.DeletePortfolioTest@172b013]" started-at="2019-12-03T08:27:12Z" name="deletePortFolio" data-provider="getData" finished-at="2019-12-03T08:28:10Z" duration-ms="57809" status="FAIL">
          <params>
            <param index="0">
              <value>
                <![CDATA[{PortFolioName=Z100, Runmode=Y, Browser=Chrome}]]>
              </value>
            </param>
          </params>
          <exception class="org.openqa.selenium.NoSuchElementException">
            <message>
              <![CDATA[Cannot locate element with text: Z100
For documentation on this error, please visit: https://www.seleniumhq.org/exceptions/no_such_element.html
Build info: version: '3.141.59', revision: 'e82be7d358', time: '2018-11-14T08:17:03'
System info: host: 'DESKTOP-RTOOT5Q', ip: '192.168.43.11', os.name: 'Windows 10', os.arch: 'amd64', os.version: '10.0', java.version: '11.0.5'
Driver info: driver.version: unknown]]>
            </message>
            <full-stacktrace>
              <![CDATA[org.openqa.selenium.NoSuchElementException: Cannot locate element with text: Z100
For documentation on this error, please visit: https://www.seleniumhq.org/exceptions/no_such_element.html
Build info: version: '3.141.59', revision: 'e82be7d358', time: '2018-11-14T08:17:03'
System info: host: 'DESKTOP-RTOOT5Q', ip: '192.168.43.11', os.name: 'Windows 10', os.arch: 'amd64', os.version: '10.0', java.version: '11.0.5'
Driver info: driver.version: unknown
	at org.openqa.selenium.support.ui.Select.selectByVisibleText(Select.java:147)
	at com.qtpselenium.rediff.keywords.AppKeywords.deletePortFolio(AppKeywords.java:50)
	at com.qtpselenium.rediff.driver.DriverScript.executeTest(DriverScript.java:56)
	at com.qtpselenium.rediff.testcases.DeletePortfolioTest.deletePortFolio(DeletePortfolioTest.java:35)
	at java.base/jdk.internal.reflect.NativeMethodAccessorImpl.invoke0(Native Method)
	at java.base/jdk.internal.reflect.NativeMethodAccessorImpl.invoke(NativeMethodAccessorImpl.java:62)
	at java.base/jdk.internal.reflect.DelegatingMethodAccessorImpl.invoke(DelegatingMethodAccessorImpl.java:43)
	at java.base/java.lang.reflect.Method.invoke(Method.java:566)
	at org.testng.internal.MethodInvocationHelper.invokeMethod(MethodInvocationHelper.java:104)
	at org.testng.internal.Invoker.invokeMethod(Invoker.java:645)
	at org.testng.internal.Invoker.invokeTestMethod(Invoker.java:851)
	at org.testng.internal.Invoker.invokeTestMethods(Invoker.java:1177)
	at org.testng.internal.TestMethodWorker.invokeTestMethods(TestMethodWorker.java:129)
	at org.testng.internal.TestMethodWorker.run(TestMethodWorker.java:112)
	at org.testng.TestRunner.privateRun(TestRunner.java:756)
	at org.testng.TestRunner.run(TestRunner.java:610)
	at org.testng.SuiteRunner.runTest(SuiteRunner.java:387)
	at org.testng.SuiteRunner.access$000(SuiteRunner.java:39)
	at org.testng.SuiteRunner$SuiteWorker.run(SuiteRunner.java:421)
	at org.testng.internal.thread.ThreadUtil$2.call(ThreadUtil.java:64)
	at java.base/java.util.concurrent.FutureTask.run(FutureTask.java:264)
	at java.base/java.util.concurrent.ThreadPoolExecutor.runWorker(ThreadPoolExecutor.java:1128)
	at java.base/java.util.concurrent.ThreadPoolExecutor$Worker.run(ThreadPoolExecutor.java:628)
	at java.base/java.lang.Thread.run(Thread.java:834)
]]>
            </full-stacktrace>
          </exception> <!-- org.openqa.selenium.NoSuchElementException -->
          <reporter-output>
          </reporter-output>
        </test-method> <!-- deletePortFolio -->
        <test-method is-config="true" signature="quit()[pri:0, instance:com.qtpselenium.rediff.testcases.DeletePortfolioTest@172b013]" started-at="2019-12-03T08:28:10Z" name="quit" finished-at="2019-12-03T08:28:11Z" duration-ms="896" status="PASS">
          <reporter-output>
          </reporter-output>
        </test-method> <!-- quit -->
      </class> <!-- com.qtpselenium.rediff.testcases.DeletePortfolioTest -->
    </test> <!-- Delete Portfolio Test -->
  </suite> <!-- My Sample Suite -->
</testng-results>
